<?xml version="1.0" encoding="UTF-8"?>
<!-- Generated by org.testng.reporters.JUnitReportReporter -->
<testsuite hostname="Roni-HP" failures="0" tests="2" name="qaclickacademy.RESTAPITest" time="0.006" errors="0" timestamp="2022-03-28T23:41:39 IST" skipped="0">
  <testcase classname="qaclickacademy.RESTAPITest" name="postJira" time="0.003"/>
  <system-out/>
  <testcase classname="qaclickacademy.RESTAPITest" name="deleteTwitter" time="0.003"/>
  <system-out/>
</testsuite> <!-- qaclickacademy.RESTAPITest -->
