<?xml version="1.0" encoding="UTF-8"?>
<!-- Generated by org.testng.reporters.JUnitReportReporter -->
<testsuite hostname="Roni-HP" failures="0" tests="1" name="qaclickacademy.AppTest" time="0.000" errors="0" timestamp="2022-03-28T21:53:16 IST" skipped="0">
  <testcase classname="qaclickacademy.AppTest" name="shouldAnswerWithTrue" time="0.000"/>
  <system-out/>
</testsuite> <!-- qaclickacademy.AppTest -->
