<?xml version="1.0" encoding="UTF-8"?>
<!-- Generated by org.testng.reporters.JUnitReportReporter -->
<testsuite hostname="Roni-HP" failures="0" tests="2" name="qaclickacademy.AppiumTest" time="0.025" errors="0" timestamp="2022-03-28T21:53:16 IST" skipped="0">
  <testcase classname="qaclickacademy.AppiumTest" name="NativeAPpAndroid" time="0.000"/>
  <system-out/>
  <testcase classname="qaclickacademy.AppiumTest" name="IOSApps" time="0.025"/>
  <system-out/>
</testsuite> <!-- qaclickacademy.AppiumTest -->
